{
  "stats": {
    "suites": 28,
    "tests": 21,
    "passes": 21,
    "pending": 0,
    "failures": 0,
    "start": "2018-04-23T08:35:21.817Z",
    "end": "2018-04-23T08:35:25.329Z",
    "duration": 3512,
    "testsRegistered": 35,
    "passPercent": 60,
    "pendingPercent": 0,
    "other": 2,
    "hasOther": true,
    "skipped": 14,
    "hasSkipped": true,
    "passPercentClass": "warning",
    "pendingPercentClass": "danger"
  },
  "suites": {
    "uuid": "2e0da53c-915c-4b00-b11f-7c0b8f3d7eaa",
    "title": "",
    "fullFile": "",
    "file": "",
    "beforeHooks": [],
    "afterHooks": [],
    "tests": [],
    "suites": [
      {
        "uuid": "f043e879-59d2-4da5-9093-faffe237246e",
        "title": "AbstractStorageMock",
        "fullFile": "",
        "file": "",
        "beforeHooks": [
          {
            "title": "\"before all\" hook: prepare suite",
            "fullTitle": "AbstractStorageMock \"before all\" hook: prepare suite",
            "timedOut": false,
            "duration": 0,
            "pass": false,
            "fail": false,
            "pending": false,
            "code": "series([\n  runner.initialize.bind(runner),\n  self.compileNewAbstractInterface.bind(this, runner),\n  self.deployTestDependencies.bind(this, abstraction, dependency_paths, runner)\n], done);",
            "err": {},
            "isRoot": false,
            "uuid": "9ad71931-a255-4d27-afea-84483203ffaa",
            "isHook": true,
            "skipped": false
          },
          {
            "title": "\"before each\" hook: before test",
            "fullTitle": "AbstractStorageMock \"before each\" hook: before test",
            "timedOut": false,
            "duration": 0,
            "pass": false,
            "fail": false,
            "pending": false,
            "code": "runner.startTest(this, done);",
            "err": {},
            "isRoot": false,
            "uuid": "49a57882-cb02-4f67-b471-f6aa9f6dac8f",
            "isHook": true,
            "skipped": false
          }
        ],
        "afterHooks": [
          {
            "title": "\"after each\" hook: after test",
            "fullTitle": "AbstractStorageMock \"after each\" hook: after test",
            "timedOut": false,
            "duration": 0,
            "pass": false,
            "fail": false,
            "pending": false,
            "code": "runner.endTest(this, done);",
            "err": {},
            "isRoot": false,
            "uuid": "77796486-41ae-401c-9516-dc0c27203421",
            "isHook": true,
            "skipped": false
          }
        ],
        "tests": [],
        "suites": [],
        "passes": [],
        "failures": [],
        "pending": [],
        "skipped": [],
        "duration": 0,
        "root": false,
        "rootEmpty": false,
        "_timeout": 2000
      },
      {
        "uuid": "8ebf593d-b310-4b59-b04b-91e5a20b1d32",
        "title": "RegistryStorageMock",
        "fullFile": "",
        "file": "",
        "beforeHooks": [
          {
            "title": "\"before all\" hook: prepare suite",
            "fullTitle": "RegistryStorageMock \"before all\" hook: prepare suite",
            "timedOut": false,
            "duration": 0,
            "pass": false,
            "fail": false,
            "pending": false,
            "code": "series([\n  runner.initialize.bind(runner),\n  self.compileNewAbstractInterface.bind(this, runner),\n  self.deployTestDependencies.bind(this, abstraction, dependency_paths, runner)\n], done);",
            "err": {},
            "isRoot": false,
            "uuid": "197b50d8-ceaf-4d8f-97ec-410fd49c4ebc",
            "isHook": true,
            "skipped": false
          },
          {
            "title": "\"before each\" hook: before test",
            "fullTitle": "RegistryStorageMock \"before each\" hook: before test",
            "timedOut": false,
            "duration": 0,
            "pass": false,
            "fail": false,
            "pending": false,
            "code": "runner.startTest(this, done);",
            "err": {},
            "isRoot": false,
            "uuid": "51ead98a-b4ad-420b-adba-5514110fb1c8",
            "isHook": true,
            "skipped": false
          }
        ],
        "afterHooks": [
          {
            "title": "\"after each\" hook: after test",
            "fullTitle": "RegistryStorageMock \"after each\" hook: after test",
            "timedOut": false,
            "duration": 0,
            "pass": false,
            "fail": false,
            "pending": false,
            "code": "runner.endTest(this, done);",
            "err": {},
            "isRoot": false,
            "uuid": "47bc0662-e122-451e-b285-462127cc64dd",
            "isHook": true,
            "skipped": false
          }
        ],
        "tests": [],
        "suites": [],
        "passes": [],
        "failures": [],
        "pending": [],
        "skipped": [],
        "duration": 0,
        "root": false,
        "rootEmpty": false,
        "_timeout": 2000
      },
      {
        "uuid": "8bf65fad-3b45-403c-b559-3e8af17a3046",
        "title": "ScriptExecMock",
        "fullFile": "",
        "file": "",
        "beforeHooks": [
          {
            "title": "\"before all\" hook: prepare suite",
            "fullTitle": "ScriptExecMock \"before all\" hook: prepare suite",
            "timedOut": false,
            "duration": 0,
            "pass": false,
            "fail": false,
            "pending": false,
            "code": "series([\n  runner.initialize.bind(runner),\n  self.compileNewAbstractInterface.bind(this, runner),\n  self.deployTestDependencies.bind(this, abstraction, dependency_paths, runner)\n], done);",
            "err": {},
            "isRoot": false,
            "uuid": "ad08ee14-1820-441f-83ac-ed1b76d6aae7",
            "isHook": true,
            "skipped": false
          },
          {
            "title": "\"before each\" hook: before test",
            "fullTitle": "ScriptExecMock \"before each\" hook: before test",
            "timedOut": false,
            "duration": 0,
            "pass": false,
            "fail": false,
            "pending": false,
            "code": "runner.startTest(this, done);",
            "err": {},
            "isRoot": false,
            "uuid": "4ab3fed2-730d-492d-b0f9-3cf5024f0ee9",
            "isHook": true,
            "skipped": false
          }
        ],
        "afterHooks": [
          {
            "title": "\"after each\" hook: after test",
            "fullTitle": "ScriptExecMock \"after each\" hook: after test",
            "timedOut": false,
            "duration": 0,
            "pass": false,
            "fail": false,
            "pending": false,
            "code": "runner.endTest(this, done);",
            "err": {},
            "isRoot": false,
            "uuid": "836b008a-8f58-4b1c-9daf-9ec3ca360ab8",
            "isHook": true,
            "skipped": false
          }
        ],
        "tests": [],
        "suites": [],
        "passes": [],
        "failures": [],
        "pending": [],
        "skipped": [],
        "duration": 0,
        "root": false,
        "rootEmpty": false,
        "_timeout": 2000
      },
      {
        "uuid": "e5e6f954-5d8c-4093-8f32-abf00f3ad695",
        "title": "ApplicationMockInit",
        "fullFile": "",
        "file": "",
        "beforeHooks": [
          {
            "title": "\"before all\" hook: prepare suite",
            "fullTitle": "ApplicationMockInit \"before all\" hook: prepare suite",
            "timedOut": false,
            "duration": 0,
            "pass": false,
            "fail": false,
            "pending": false,
            "code": "series([\n  runner.initialize.bind(runner),\n  self.compileNewAbstractInterface.bind(this, runner),\n  self.deployTestDependencies.bind(this, abstraction, dependency_paths, runner)\n], done);",
            "err": {},
            "isRoot": false,
            "uuid": "843a11b0-c448-4592-a883-6bc93e856d0f",
            "isHook": true,
            "skipped": false
          },
          {
            "title": "\"before each\" hook: before test",
            "fullTitle": "ApplicationMockInit \"before each\" hook: before test",
            "timedOut": false,
            "duration": 0,
            "pass": false,
            "fail": false,
            "pending": false,
            "code": "runner.startTest(this, done);",
            "err": {},
            "isRoot": false,
            "uuid": "e6732863-4dbc-41d0-842f-a8287a81b86f",
            "isHook": true,
            "skipped": false
          }
        ],
        "afterHooks": [
          {
            "title": "\"after each\" hook: after test",
            "fullTitle": "ApplicationMockInit \"after each\" hook: after test",
            "timedOut": false,
            "duration": 0,
            "pass": false,
            "fail": false,
            "pending": false,
            "code": "runner.endTest(this, done);",
            "err": {},
            "isRoot": false,
            "uuid": "4c47805f-e480-4973-92d6-3009577ddba9",
            "isHook": true,
            "skipped": false
          }
        ],
        "tests": [],
        "suites": [],
        "passes": [],
        "failures": [],
        "pending": [],
        "skipped": [],
        "duration": 0,
        "root": false,
        "rootEmpty": false,
        "_timeout": 2000
      },
      {
        "uuid": "a5bb9a3b-3cde-41ec-81eb-15645ecc1e57",
        "title": "Contract: AbstractStorage",
        "fullFile": "/home/alex/auth_os/beta/test/abstract_storage_tests.js",
        "file": "/test/abstract_storage_tests.js",
        "beforeHooks": [
          {
            "title": "\"before all\" hook: prepare suite",
            "fullTitle": "Contract: AbstractStorage \"before all\" hook: prepare suite",
            "timedOut": false,
            "duration": 143,
            "pass": false,
            "fail": false,
            "pending": false,
            "code": "this.timeout(runner.BEFORE_TIMEOUT);\nrunner.initialize(done);",
            "err": {},
            "isRoot": false,
            "uuid": "59e4cf0a-8303-4b68-8477-299ebdcfc024",
            "isHook": true,
            "skipped": false
          },
          {
            "title": "\"before each\" hook: before test",
            "fullTitle": "Contract: AbstractStorage \"before each\" hook: before test",
            "timedOut": false,
            "duration": 3,
            "pass": false,
            "fail": false,
            "pending": false,
            "code": "runner.startTest(this, done);",
            "err": {},
            "isRoot": false,
            "uuid": "b6daf119-b07e-4f9a-b446-dddcee898a92",
            "isHook": true,
            "skipped": false
          },
          {
            "title": "\"before each\" hook",
            "fullTitle": "Contract: AbstractStorage \"before each\" hook",
            "timedOut": false,
            "duration": 103,
            "pass": false,
            "fail": false,
            "pending": false,
            "code": "storage = await AbstractStorage.new()\nappInit = await ApplicationMockInit.new().should.be.fulfilled\nappInit.should.not.eq(null)\nappInitCalldata = '0xe1c7392a' // bytes4(keccak256(\"init()\"));",
            "err": {},
            "isRoot": false,
            "uuid": "96b4f1a3-b06e-496e-8dea-300c60f8362d",
            "isHook": true,
            "skipped": false
          }
        ],
        "afterHooks": [
          {
            "title": "\"after each\" hook: after test",
            "fullTitle": "Contract: AbstractStorage \"after each\" hook: after test",
            "timedOut": false,
            "duration": 0,
            "pass": false,
            "fail": false,
            "pending": false,
            "code": "runner.endTest(this, done);",
            "err": {},
            "isRoot": false,
            "uuid": "941ee06b-44a1-49fc-8bd1-41a86ed8d687",
            "isHook": true,
            "skipped": false
          }
        ],
        "tests": [],
        "suites": [
          {
            "uuid": "8c737051-e875-40b6-8641-93ed22db026e",
            "title": "#initAndFinalize",
            "fullFile": "/home/alex/auth_os/beta/test/abstract_storage_tests.js",
            "file": "/test/abstract_storage_tests.js",
            "beforeHooks": [],
            "afterHooks": [],
            "tests": [],
            "suites": [
              {
                "uuid": "f4b00d67-4445-4b90-a53e-3ccb6bd6926d",
                "title": "when the given calldata is valid for the app init function",
                "fullFile": "/home/alex/auth_os/beta/test/abstract_storage_tests.js",
                "file": "/test/abstract_storage_tests.js",
                "beforeHooks": [
                  {
                    "title": "\"before each\" hook for \"should emit an ApplicationInitialized event\"",
                    "fullTitle": "Contract: AbstractStorage #initAndFinalize when the given calldata is valid for the app init function \"before each\" hook for \"should emit an ApplicationInitialized event\"",
                    "timedOut": false,
                    "duration": 46,
                    "state": "failed",
                    "pass": false,
                    "fail": true,
                    "pending": false,
                    "code": "events = await storage.initAndFinalize(appUpdater, false, appInit.address, appInitCalldata, []).should.be.fulfilled.then((tx) => {\n    return tx.logs\n})\nevents.should.not.eq(null)\nevents.length.should.eq(2)\nappInitializedEvent = events[0]\nappFinalizedEvent = events[1]",
                    "err": {
                      "message": "AssertionError: expected promise to be fulfilled but it was rejected with 'Error: VM Exception while processing transaction: revert'",
                      "estack": "AssertionError: expected promise to be fulfilled but it was rejected with 'Error: VM Exception while processing transaction: revert'"
                    },
                    "isRoot": false,
                    "uuid": "8862df64-3adb-41b8-a604-b7ce6cbb2f40",
                    "isHook": true,
                    "skipped": false
                  }
                ],
                "afterHooks": [],
                "tests": [
                  {
                    "title": "should emit an ApplicationInitialized event",
                    "fullTitle": "Contract: AbstractStorage #initAndFinalize when the given calldata is valid for the app init function should emit an ApplicationInitialized event",
                    "timedOut": false,
                    "duration": 0,
                    "pass": false,
                    "fail": false,
                    "pending": false,
                    "code": "appInitializedEvent.should.not.eq(null)\nappInitializedEvent.event.should.be.eq('ApplicationInitialized')",
                    "err": {},
                    "isRoot": false,
                    "uuid": "345b2dd1-ffa7-4166-989a-8bb08d6abac3",
                    "isHook": false,
                    "skipped": true
                  },
                  {
                    "title": "should emit an ApplicationFinalization event",
                    "fullTitle": "Contract: AbstractStorage #initAndFinalize when the given calldata is valid for the app init function should emit an ApplicationFinalization event",
                    "timedOut": false,
                    "duration": 0,
                    "pass": false,
                    "fail": false,
                    "pending": false,
                    "code": "appFinalizedEvent.should.not.eq(null)\nappFinalizedEvent.event.should.be.eq('ApplicationFinalization')",
                    "err": {},
                    "isRoot": false,
                    "uuid": "0f33bb2c-7b8a-4687-a89c-25232fae5f3f",
                    "isHook": false,
                    "skipped": true
                  },
                  {
                    "title": "should return the exec id of the initialized application",
                    "fullTitle": "Contract: AbstractStorage #initAndFinalize when the given calldata is valid for the app init function should return the exec id of the initialized application",
                    "timedOut": false,
                    "duration": 0,
                    "pass": false,
                    "fail": false,
                    "pending": false,
                    "code": "let execId = await storage.initAndFinalize(appUpdater, false, appInit.address, appInitCalldata, []).should.be.fulfilled\nexecId.should.not.eq(null)",
                    "err": {},
                    "isRoot": false,
                    "uuid": "5fd02d8d-fdd6-4626-ba36-feab1ce9012f",
                    "isHook": false,
                    "skipped": true
                  }
                ],
                "suites": [
                  {
                    "uuid": "657545a8-b644-4004-880f-cbf6c3cc2d5b",
                    "title": "ApplicationInitialized event",
                    "fullFile": "/home/alex/auth_os/beta/test/abstract_storage_tests.js",
                    "file": "/test/abstract_storage_tests.js",
                    "beforeHooks": [],
                    "afterHooks": [],
                    "tests": [
                      {
                        "title": "should include an indexed exec id for the initialized application",
                        "fullTitle": "Contract: AbstractStorage #initAndFinalize when the given calldata is valid for the app init function ApplicationInitialized event should include an indexed exec id for the initialized application",
                        "timedOut": false,
                        "duration": 0,
                        "pass": false,
                        "fail": false,
                        "pending": false,
                        "code": "let execId = appInitializedEvent.args['execution_id']\nexecId.should.not.eq(null)",
                        "err": {},
                        "isRoot": false,
                        "uuid": "d67776b7-37a1-427a-bee2-2e22f7570a9c",
                        "isHook": false,
                        "skipped": true
                      },
                      {
                        "title": "should include an indexed initializer address for the initialized application",
                        "fullTitle": "Contract: AbstractStorage #initAndFinalize when the given calldata is valid for the app init function ApplicationInitialized event should include an indexed initializer address for the initialized application",
                        "timedOut": false,
                        "duration": 0,
                        "pass": false,
                        "fail": false,
                        "pending": false,
                        "code": "let initAddr = appInitializedEvent.args['init_address']\ninitAddr.should.not.eq(null)\ninitAddr.should.be.deep.eq(appInit.address)",
                        "err": {},
                        "isRoot": false,
                        "uuid": "70a49e5d-4b7c-4b0b-a42d-0327fc45ca32",
                        "isHook": false,
                        "skipped": true
                      },
                      {
                        "title": "should include an indexed script exec contract address for the initialized application",
                        "fullTitle": "Contract: AbstractStorage #initAndFinalize when the given calldata is valid for the app init function ApplicationInitialized event should include an indexed script exec contract address for the initialized application",
                        "timedOut": false,
                        "duration": 0,
                        "pass": false,
                        "fail": false,
                        "pending": false,
                        "code": "let scriptExec = appInitializedEvent.args['script_exec']\nscriptExec.should.not.eq(null)",
                        "err": {},
                        "isRoot": false,
                        "uuid": "f9c1d475-92d9-44fd-b566-3150e5a51cb0",
                        "isHook": false,
                        "skipped": true
                      },
                      {
                        "title": "should include an indexed updater address for the initialized application",
                        "fullTitle": "Contract: AbstractStorage #initAndFinalize when the given calldata is valid for the app init function ApplicationInitialized event should include an indexed updater address for the initialized application",
                        "timedOut": false,
                        "duration": 0,
                        "pass": false,
                        "fail": false,
                        "pending": false,
                        "code": "let updaterAddr = appInitializedEvent.args['updater']\nupdaterAddr.should.not.eq(null)\nupdaterAddr.should.be.deep.eq(appUpdater)",
                        "err": {},
                        "isRoot": false,
                        "uuid": "d19aebbe-220b-48af-a4fc-70dfc53fff7f",
                        "isHook": false,
                        "skipped": true
                      }
                    ],
                    "suites": [],
                    "passes": [],
                    "failures": [],
                    "pending": [],
                    "skipped": [
                      "d67776b7-37a1-427a-bee2-2e22f7570a9c",
                      "70a49e5d-4b7c-4b0b-a42d-0327fc45ca32",
                      "f9c1d475-92d9-44fd-b566-3150e5a51cb0",
                      "d19aebbe-220b-48af-a4fc-70dfc53fff7f"
                    ],
                    "duration": null,
                    "root": false,
                    "rootEmpty": false,
                    "_timeout": 300000
                  },
                  {
                    "uuid": "745f6f32-2d40-4a29-8518-7619b700b34a",
                    "title": "ApplicationFinalization event",
                    "fullFile": "/home/alex/auth_os/beta/test/abstract_storage_tests.js",
                    "file": "/test/abstract_storage_tests.js",
                    "beforeHooks": [],
                    "afterHooks": [],
                    "tests": [
                      {
                        "title": "should include an indexed exec id for the finalized application",
                        "fullTitle": "Contract: AbstractStorage #initAndFinalize when the given calldata is valid for the app init function ApplicationFinalization event should include an indexed exec id for the finalized application",
                        "timedOut": false,
                        "duration": 0,
                        "pass": false,
                        "fail": false,
                        "pending": false,
                        "code": "let execId = appFinalizedEvent.args['execution_id']\nexecId.should.not.eq(null)",
                        "err": {},
                        "isRoot": false,
                        "uuid": "e139741b-89f8-490f-b356-85f357f4dfc7",
                        "isHook": false,
                        "skipped": true
                      },
                      {
                        "title": "should include an indexed initializer address for the finalized application",
                        "fullTitle": "Contract: AbstractStorage #initAndFinalize when the given calldata is valid for the app init function ApplicationFinalization event should include an indexed initializer address for the finalized application",
                        "timedOut": false,
                        "duration": 0,
                        "pass": false,
                        "fail": false,
                        "pending": false,
                        "code": "let initAddr = appFinalizedEvent.args['init_address']\ninitAddr.should.not.eq(null)\ninitAddr.should.be.deep.eq(appInit.address)",
                        "err": {},
                        "isRoot": false,
                        "uuid": "adadac69-9d9c-4ed0-ae0a-d1886d8b7255",
                        "isHook": false,
                        "skipped": true
                      }
                    ],
                    "suites": [],
                    "passes": [],
                    "failures": [],
                    "pending": [],
                    "skipped": [
                      "e139741b-89f8-490f-b356-85f357f4dfc7",
                      "adadac69-9d9c-4ed0-ae0a-d1886d8b7255"
                    ],
                    "duration": null,
                    "root": false,
                    "rootEmpty": false,
                    "_timeout": 300000
                  }
                ],
                "passes": [],
                "failures": [],
                "pending": [],
                "skipped": [
                  "345b2dd1-ffa7-4166-989a-8bb08d6abac3",
                  "0f33bb2c-7b8a-4687-a89c-25232fae5f3f",
                  "5fd02d8d-fdd6-4626-ba36-feab1ce9012f"
                ],
                "duration": null,
                "root": false,
                "rootEmpty": false,
                "_timeout": 300000
              },
              {
                "uuid": "ac8a21e2-b0e0-4bb7-b947-f42c62ee33ea",
                "title": "when the given calldata is invalid for the app init function",
                "fullFile": "/home/alex/auth_os/beta/test/abstract_storage_tests.js",
                "file": "/test/abstract_storage_tests.js",
                "beforeHooks": [],
                "afterHooks": [],
                "tests": [
                  {
                    "title": "should revert the tx",
                    "fullTitle": "Contract: AbstractStorage #initAndFinalize when the given calldata is invalid for the app init function should revert the tx",
                    "timedOut": false,
                    "duration": 34,
                    "state": "passed",
                    "speed": "fast",
                    "pass": true,
                    "fail": false,
                    "pending": false,
                    "code": "let invalidCalldata = '' // should be, at a minimum, bytes4(keccak256(\"init()\")) for default application initializer\nawait storage.initAndFinalize(appUpdater, false, appInit.address, invalidCalldata, []).should.be.rejectedWith(exports.EVM_ERR_REVERT)",
                    "err": {},
                    "isRoot": false,
                    "uuid": "fe952339-5c6c-48d2-8bf1-0d486dba636c",
                    "isHook": false,
                    "skipped": false
                  }
                ],
                "suites": [],
                "passes": [
                  "fe952339-5c6c-48d2-8bf1-0d486dba636c"
                ],
                "failures": [],
                "pending": [],
                "skipped": [],
                "duration": 34,
                "root": false,
                "rootEmpty": false,
                "_timeout": 300000
              }
            ],
            "passes": [],
            "failures": [],
            "pending": [],
            "skipped": [],
            "duration": 0,
            "root": false,
            "rootEmpty": false,
            "_timeout": 300000
          }
        ],
        "passes": [],
        "failures": [],
        "pending": [],
        "skipped": [],
        "duration": 0,
        "root": false,
        "rootEmpty": false,
        "_timeout": 300000
      },
      {
        "uuid": "d5bc39a8-8413-48e9-aeae-781c97691db5",
        "title": "Contract: ScriptExec",
        "fullFile": "/home/alex/auth_os/beta/test/script_exec_tests.js",
        "file": "/test/script_exec_tests.js",
        "beforeHooks": [
          {
            "title": "\"before all\" hook: prepare suite",
            "fullTitle": "Contract: ScriptExec \"before all\" hook: prepare suite",
            "timedOut": false,
            "duration": 160,
            "pass": false,
            "fail": false,
            "pending": false,
            "code": "this.timeout(runner.BEFORE_TIMEOUT);\nrunner.initialize(done);",
            "err": {},
            "isRoot": false,
            "uuid": "e9469cfc-c025-4240-8fc1-34f35e59827b",
            "isHook": true,
            "skipped": false
          },
          {
            "title": "\"before each\" hook: before test",
            "fullTitle": "Contract: ScriptExec \"before each\" hook: before test",
            "timedOut": false,
            "duration": 2,
            "pass": false,
            "fail": false,
            "pending": false,
            "code": "runner.startTest(this, done);",
            "err": {},
            "isRoot": false,
            "uuid": "26878cd3-2c7d-4d17-aaa1-d061ad131fc8",
            "isHook": true,
            "skipped": false
          },
          {
            "title": "\"before each\" hook",
            "fullTitle": "Contract: ScriptExec \"before each\" hook",
            "timedOut": false,
            "duration": 123,
            "pass": false,
            "fail": false,
            "pending": false,
            "code": "storage = await RegistryStorage.new({ gas: 3050000 }).should.be.fulfilled\nscriptExec = await ScriptExec.new(updater, storage.address, registryExecId, provider, { gas: 4700000, from: execAdmin }).should.be.fulfilled",
            "err": {},
            "isRoot": false,
            "uuid": "d068a868-588b-440a-99b5-a13728858b45",
            "isHook": true,
            "skipped": false
          }
        ],
        "afterHooks": [
          {
            "title": "\"after each\" hook: after test",
            "fullTitle": "Contract: ScriptExec \"after each\" hook: after test",
            "timedOut": false,
            "duration": 0,
            "pass": false,
            "fail": false,
            "pending": false,
            "code": "runner.endTest(this, done);",
            "err": {},
            "isRoot": false,
            "uuid": "c2b39978-2287-46a3-a2e8-93f078d480ab",
            "isHook": true,
            "skipped": false
          }
        ],
        "tests": [],
        "suites": [
          {
            "uuid": "32c679ec-fb29-4a17-a536-76c34129a132",
            "title": "initialization",
            "fullFile": "/home/alex/auth_os/beta/test/script_exec_tests.js",
            "file": "/test/script_exec_tests.js",
            "beforeHooks": [],
            "afterHooks": [],
            "tests": [],
            "suites": [
              {
                "uuid": "445939d0-b0b0-48fc-8b45-86f559f50f02",
                "title": "when the script exec contract is initialized with non-zero updater, storage, provider and registry exec ids",
                "fullFile": "/home/alex/auth_os/beta/test/script_exec_tests.js",
                "file": "/test/script_exec_tests.js",
                "beforeHooks": [],
                "afterHooks": [],
                "tests": [
                  {
                    "title": "should have initialized the script exec contract",
                    "fullTitle": "Contract: ScriptExec initialization when the script exec contract is initialized with non-zero updater, storage, provider and registry exec ids should have initialized the script exec contract",
                    "timedOut": false,
                    "duration": 0,
                    "state": "passed",
                    "speed": "fast",
                    "pass": true,
                    "fail": false,
                    "pending": false,
                    "code": "scriptExec.should.not.eq(null)",
                    "err": {},
                    "isRoot": false,
                    "uuid": "3bd60914-40cd-484e-8ec3-4db9cdce1c40",
                    "isHook": false,
                    "skipped": false
                  },
                  {
                    "title": "should set the admin on the script exec contract to the creator",
                    "fullTitle": "Contract: ScriptExec initialization when the script exec contract is initialized with non-zero updater, storage, provider and registry exec ids should set the admin on the script exec contract to the creator",
                    "timedOut": false,
                    "duration": 22,
                    "state": "passed",
                    "speed": "fast",
                    "pass": true,
                    "fail": false,
                    "pending": false,
                    "code": "let execAdmin = await scriptExec.exec_admin()\nexecAdmin.should.eq(execAdmin)",
                    "err": {},
                    "isRoot": false,
                    "uuid": "0ba4cc8d-4087-4cc2-9739-ab7751e2e698",
                    "isHook": false,
                    "skipped": false
                  },
                  {
                    "title": "should set the given default storage contract on the script exec contract",
                    "fullTitle": "Contract: ScriptExec initialization when the script exec contract is initialized with non-zero updater, storage, provider and registry exec ids should set the given default storage contract on the script exec contract",
                    "timedOut": false,
                    "duration": 19,
                    "state": "passed",
                    "speed": "fast",
                    "pass": true,
                    "fail": false,
                    "pending": false,
                    "code": "let defaultStorage = await scriptExec.default_storage()\ndefaultStorage.should.eq(storage.address)",
                    "err": {},
                    "isRoot": false,
                    "uuid": "52ceb05d-e22a-47b1-8b6a-b425c4a10244",
                    "isHook": false,
                    "skipped": false
                  },
                  {
                    "title": "should set the given default updater on the script exec contract",
                    "fullTitle": "Contract: ScriptExec initialization when the script exec contract is initialized with non-zero updater, storage, provider and registry exec ids should set the given default updater on the script exec contract",
                    "timedOut": false,
                    "duration": 17,
                    "state": "passed",
                    "speed": "fast",
                    "pass": true,
                    "fail": false,
                    "pending": false,
                    "code": "let defaultUpdater = await scriptExec.default_updater()\ndefaultUpdater.should.eq(updater)",
                    "err": {},
                    "isRoot": false,
                    "uuid": "5b7ddc0b-2cf7-46ec-86d4-9bcc957f0192",
                    "isHook": false,
                    "skipped": false
                  },
                  {
                    "title": "should set the given default registry exec id on the script exec contract",
                    "fullTitle": "Contract: ScriptExec initialization when the script exec contract is initialized with non-zero updater, storage, provider and registry exec ids should set the given default registry exec id on the script exec contract",
                    "timedOut": false,
                    "duration": 17,
                    "state": "passed",
                    "speed": "fast",
                    "pass": true,
                    "fail": false,
                    "pending": false,
                    "code": "let defaultExecId = await scriptExec.default_registry_exec_id()\ndefaultExecId.should.eq(web3.toHex(registryExecId))",
                    "err": {},
                    "isRoot": false,
                    "uuid": "69c12bec-f940-4f9e-8b6f-bafaea305593",
                    "isHook": false,
                    "skipped": false
                  }
                ],
                "suites": [],
                "passes": [
                  "3bd60914-40cd-484e-8ec3-4db9cdce1c40",
                  "0ba4cc8d-4087-4cc2-9739-ab7751e2e698",
                  "52ceb05d-e22a-47b1-8b6a-b425c4a10244",
                  "5b7ddc0b-2cf7-46ec-86d4-9bcc957f0192",
                  "69c12bec-f940-4f9e-8b6f-bafaea305593"
                ],
                "failures": [],
                "pending": [],
                "skipped": [],
                "duration": 75,
                "root": false,
                "rootEmpty": false,
                "_timeout": 300000
              },
              {
                "uuid": "9e981303-7a9f-4fc5-b1bf-f1adf84bd00a",
                "title": "when the script exec contract is initialized with \"zero-state\" params",
                "fullFile": "/home/alex/auth_os/beta/test/script_exec_tests.js",
                "file": "/test/script_exec_tests.js",
                "beforeHooks": [
                  {
                    "title": "\"before each\" hook",
                    "fullTitle": "Contract: ScriptExec initialization when the script exec contract is initialized with \"zero-state\" params \"before each\" hook",
                    "timedOut": false,
                    "duration": 42,
                    "pass": false,
                    "fail": false,
                    "pending": false,
                    "code": "scriptExec = await ScriptExec.new(utils.ADDRESS_0x, utils.ADDRESS_0x, 0, 0, { gas: 4700000, from: execAdmin }).should.be.fulfilled",
                    "err": {},
                    "isRoot": false,
                    "uuid": "a5a18b04-f2fe-4c25-808f-04505cd4ba75",
                    "isHook": true,
                    "skipped": false
                  }
                ],
                "afterHooks": [],
                "tests": [
                  {
                    "title": "should have initialized the script exec contract",
                    "fullTitle": "Contract: ScriptExec initialization when the script exec contract is initialized with \"zero-state\" params should have initialized the script exec contract",
                    "timedOut": false,
                    "duration": 0,
                    "state": "passed",
                    "speed": "fast",
                    "pass": true,
                    "fail": false,
                    "pending": false,
                    "code": "scriptExec.should.not.eq(null)",
                    "err": {},
                    "isRoot": false,
                    "uuid": "3ca6c303-8019-45f1-bcaa-d3454a9ccc49",
                    "isHook": false,
                    "skipped": false
                  },
                  {
                    "title": "should set the admin on the script exec contract to the creator",
                    "fullTitle": "Contract: ScriptExec initialization when the script exec contract is initialized with \"zero-state\" params should set the admin on the script exec contract to the creator",
                    "timedOut": false,
                    "duration": 51,
                    "state": "passed",
                    "speed": "medium",
                    "pass": true,
                    "fail": false,
                    "pending": false,
                    "code": "let execAdmin = await scriptExec.exec_admin()\nexecAdmin.should.eq(execAdmin)",
                    "err": {},
                    "isRoot": false,
                    "uuid": "9a86cf84-1434-44e2-9efd-622257e38cbf",
                    "isHook": false,
                    "skipped": false
                  },
                  {
                    "title": "should not set a default storage contract on the script exec contract",
                    "fullTitle": "Contract: ScriptExec initialization when the script exec contract is initialized with \"zero-state\" params should not set a default storage contract on the script exec contract",
                    "timedOut": false,
                    "duration": 16,
                    "state": "passed",
                    "speed": "fast",
                    "pass": true,
                    "fail": false,
                    "pending": false,
                    "code": "let defaultStorage = await scriptExec.default_storage()\ndefaultStorage.should.eq(utils.ADDRESS_0x)",
                    "err": {},
                    "isRoot": false,
                    "uuid": "955df127-a849-4da5-92c6-0f4e8842ab4b",
                    "isHook": false,
                    "skipped": false
                  },
                  {
                    "title": "should not set a default updater on the script exec contract",
                    "fullTitle": "Contract: ScriptExec initialization when the script exec contract is initialized with \"zero-state\" params should not set a default updater on the script exec contract",
                    "timedOut": false,
                    "duration": 15,
                    "state": "passed",
                    "speed": "fast",
                    "pass": true,
                    "fail": false,
                    "pending": false,
                    "code": "let defaultUpdater = await scriptExec.default_updater()\ndefaultUpdater.should.eq(utils.ADDRESS_0x)",
                    "err": {},
                    "isRoot": false,
                    "uuid": "f293de7a-456f-43ff-b9eb-f59fe61240af",
                    "isHook": false,
                    "skipped": false
                  },
                  {
                    "title": "should not set a default registry exec id on the script exec contract",
                    "fullTitle": "Contract: ScriptExec initialization when the script exec contract is initialized with \"zero-state\" params should not set a default registry exec id on the script exec contract",
                    "timedOut": false,
                    "duration": 16,
                    "state": "passed",
                    "speed": "fast",
                    "pass": true,
                    "fail": false,
                    "pending": false,
                    "code": "let defaultExecId = await scriptExec.default_registry_exec_id()\ndefaultExecId.should.eq(utils.BYTES32_EMPTY)",
                    "err": {},
                    "isRoot": false,
                    "uuid": "b5511623-1b0d-4e53-84cb-146797c84c4d",
                    "isHook": false,
                    "skipped": false
                  }
                ],
                "suites": [],
                "passes": [
                  "3ca6c303-8019-45f1-bcaa-d3454a9ccc49",
                  "9a86cf84-1434-44e2-9efd-622257e38cbf",
                  "955df127-a849-4da5-92c6-0f4e8842ab4b",
                  "f293de7a-456f-43ff-b9eb-f59fe61240af",
                  "b5511623-1b0d-4e53-84cb-146797c84c4d"
                ],
                "failures": [],
                "pending": [],
                "skipped": [],
                "duration": 98,
                "root": false,
                "rootEmpty": false,
                "_timeout": 300000
              }
            ],
            "passes": [],
            "failures": [],
            "pending": [],
            "skipped": [],
            "duration": 0,
            "root": false,
            "rootEmpty": false,
            "_timeout": 300000
          },
          {
            "uuid": "9ac7a44f-eeb2-4c3e-b47d-7a8683888cb2",
            "title": "script exec contract administration",
            "fullFile": "/home/alex/auth_os/beta/test/script_exec_tests.js",
            "file": "/test/script_exec_tests.js",
            "beforeHooks": [],
            "afterHooks": [],
            "tests": [],
            "suites": [
              {
                "uuid": "dfe2d47b-d766-484c-a5b6-3204e043fc5f",
                "title": "#changeSource",
                "fullFile": "/home/alex/auth_os/beta/test/script_exec_tests.js",
                "file": "/test/script_exec_tests.js",
                "beforeHooks": [
                  {
                    "title": "\"before each\" hook",
                    "fullTitle": "Contract: ScriptExec script exec contract administration #changeSource \"before each\" hook",
                    "timedOut": false,
                    "duration": 39,
                    "pass": false,
                    "fail": false,
                    "pending": false,
                    "code": "newStorage = await RegistryStorage.new({ gas: 3050000 }).should.be.fulfilled",
                    "err": {},
                    "isRoot": false,
                    "uuid": "e2597d73-5a1e-4fa5-a769-df27658a6cbe",
                    "isHook": true,
                    "skipped": false
                  }
                ],
                "afterHooks": [],
                "tests": [],
                "suites": [
                  {
                    "uuid": "4b54fd9b-2651-4a7d-a98d-368235e57322",
                    "title": "when invoked by the script exec admin",
                    "fullFile": "/home/alex/auth_os/beta/test/script_exec_tests.js",
                    "file": "/test/script_exec_tests.js",
                    "beforeHooks": [
                      {
                        "title": "\"before each\" hook",
                        "fullTitle": "Contract: ScriptExec script exec contract administration #changeSource when invoked by the script exec admin \"before each\" hook",
                        "timedOut": false,
                        "duration": 24,
                        "pass": false,
                        "fail": false,
                        "pending": false,
                        "code": "await scriptExec.changeSource(newStorage.address, { from: execAdmin }).should.be.fulfilled",
                        "err": {},
                        "isRoot": false,
                        "uuid": "f33f89cf-923b-440e-ad2b-c8e125105d31",
                        "isHook": true,
                        "skipped": false
                      }
                    ],
                    "afterHooks": [],
                    "tests": [
                      {
                        "title": "should change the default storage address on the script exec contract",
                        "fullTitle": "Contract: ScriptExec script exec contract administration #changeSource when invoked by the script exec admin should change the default storage address on the script exec contract",
                        "timedOut": false,
                        "duration": 15,
                        "state": "passed",
                        "speed": "fast",
                        "pass": true,
                        "fail": false,
                        "pending": false,
                        "code": "let defaultStorage = await scriptExec.default_storage()\ndefaultStorage.should.not.deep.eq(utils.ADDRESS_0x)\ndefaultStorage.should.eq(newStorage.address)",
                        "err": {},
                        "isRoot": false,
                        "uuid": "271b6cb4-5dda-45d3-890a-2e0c2e16aa07",
                        "isHook": false,
                        "skipped": false
                      }
                    ],
                    "suites": [],
                    "passes": [
                      "271b6cb4-5dda-45d3-890a-2e0c2e16aa07"
                    ],
                    "failures": [],
                    "pending": [],
                    "skipped": [],
                    "duration": 15,
                    "root": false,
                    "rootEmpty": false,
                    "_timeout": 300000
                  },
                  {
                    "uuid": "474dc171-8ddc-4b9c-9d80-d1fa686ff691",
                    "title": "when invoked by someone other than the script exec admin",
                    "fullFile": "/home/alex/auth_os/beta/test/script_exec_tests.js",
                    "file": "/test/script_exec_tests.js",
                    "beforeHooks": [],
                    "afterHooks": [],
                    "tests": [
                      {
                        "title": "should revert the tx",
                        "fullTitle": "Contract: ScriptExec script exec contract administration #changeSource when invoked by someone other than the script exec admin should revert the tx",
                        "timedOut": false,
                        "duration": 24,
                        "state": "passed",
                        "speed": "fast",
                        "pass": true,
                        "fail": false,
                        "pending": false,
                        "code": "let unauthorized = accounts[accounts.length - 1]\nawait scriptExec.changeSource(newStorage.address, { from: unauthorized }).should.be.rejectedWith(exports.EVM_ERR_REVERT)",
                        "err": {},
                        "isRoot": false,
                        "uuid": "500b2865-6c4b-42b6-bddd-1334cd473426",
                        "isHook": false,
                        "skipped": false
                      }
                    ],
                    "suites": [],
                    "passes": [
                      "500b2865-6c4b-42b6-bddd-1334cd473426"
                    ],
                    "failures": [],
                    "pending": [],
                    "skipped": [],
                    "duration": 24,
                    "root": false,
                    "rootEmpty": false,
                    "_timeout": 300000
                  }
                ],
                "passes": [],
                "failures": [],
                "pending": [],
                "skipped": [],
                "duration": 0,
                "root": false,
                "rootEmpty": false,
                "_timeout": 300000
              },
              {
                "uuid": "587dcc28-ddde-4a94-91b5-09000d5db7df",
                "title": "#changeUpdater",
                "fullFile": "/home/alex/auth_os/beta/test/script_exec_tests.js",
                "file": "/test/script_exec_tests.js",
                "beforeHooks": [],
                "afterHooks": [],
                "tests": [],
                "suites": [
                  {
                    "uuid": "c7d62778-a459-48c7-8ce5-4c0ff7ee8bf7",
                    "title": "when invoked by the script exec admin",
                    "fullFile": "/home/alex/auth_os/beta/test/script_exec_tests.js",
                    "file": "/test/script_exec_tests.js",
                    "beforeHooks": [
                      {
                        "title": "\"before each\" hook",
                        "fullTitle": "Contract: ScriptExec script exec contract administration #changeUpdater when invoked by the script exec admin \"before each\" hook",
                        "timedOut": false,
                        "duration": 27,
                        "pass": false,
                        "fail": false,
                        "pending": false,
                        "code": "await scriptExec.changeUpdater(newUpdater, { from: execAdmin }).should.be.fulfilled",
                        "err": {},
                        "isRoot": false,
                        "uuid": "475147b9-016a-4746-b8c3-942883e81bf8",
                        "isHook": true,
                        "skipped": false
                      }
                    ],
                    "afterHooks": [],
                    "tests": [
                      {
                        "title": "should change the default updater address on the script exec contract",
                        "fullTitle": "Contract: ScriptExec script exec contract administration #changeUpdater when invoked by the script exec admin should change the default updater address on the script exec contract",
                        "timedOut": false,
                        "duration": 15,
                        "state": "passed",
                        "speed": "fast",
                        "pass": true,
                        "fail": false,
                        "pending": false,
                        "code": "let defaultUpdater = await scriptExec.default_updater()\ndefaultUpdater.should.not.eq(utils.ADDRESS_0x)\ndefaultUpdater.should.eq(newUpdater)",
                        "err": {},
                        "isRoot": false,
                        "uuid": "a1f0b1f6-48e1-403b-a726-81dace77d546",
                        "isHook": false,
                        "skipped": false
                      }
                    ],
                    "suites": [],
                    "passes": [
                      "a1f0b1f6-48e1-403b-a726-81dace77d546"
                    ],
                    "failures": [],
                    "pending": [],
                    "skipped": [],
                    "duration": 15,
                    "root": false,
                    "rootEmpty": false,
                    "_timeout": 300000
                  },
                  {
                    "uuid": "3be91078-337b-48f8-bea9-58fba043750c",
                    "title": "when invoked by someone other than the script exec admin",
                    "fullFile": "/home/alex/auth_os/beta/test/script_exec_tests.js",
                    "file": "/test/script_exec_tests.js",
                    "beforeHooks": [],
                    "afterHooks": [],
                    "tests": [
                      {
                        "title": "should revert the tx",
                        "fullTitle": "Contract: ScriptExec script exec contract administration #changeUpdater when invoked by someone other than the script exec admin should revert the tx",
                        "timedOut": false,
                        "duration": 21,
                        "state": "passed",
                        "speed": "fast",
                        "pass": true,
                        "fail": false,
                        "pending": false,
                        "code": "let unauthorized = accounts[accounts.length - 1]\nawait scriptExec.changeUpdater(newUpdater, { from: unauthorized }).should.be.rejectedWith(exports.EVM_ERR_REVERT)",
                        "err": {},
                        "isRoot": false,
                        "uuid": "2ca26ffb-2b0f-4e82-9f62-859dc258088d",
                        "isHook": false,
                        "skipped": false
                      }
                    ],
                    "suites": [],
                    "passes": [
                      "2ca26ffb-2b0f-4e82-9f62-859dc258088d"
                    ],
                    "failures": [],
                    "pending": [],
                    "skipped": [],
                    "duration": 21,
                    "root": false,
                    "rootEmpty": false,
                    "_timeout": 300000
                  }
                ],
                "passes": [],
                "failures": [],
                "pending": [],
                "skipped": [],
                "duration": 0,
                "root": false,
                "rootEmpty": false,
                "_timeout": 300000
              },
              {
                "uuid": "e340a6bf-a342-4c3d-afab-3d2edef7ee65",
                "title": "#changeAdmin",
                "fullFile": "/home/alex/auth_os/beta/test/script_exec_tests.js",
                "file": "/test/script_exec_tests.js",
                "beforeHooks": [],
                "afterHooks": [],
                "tests": [],
                "suites": [
                  {
                    "uuid": "d726dd51-1f15-46bb-aa1c-d5208bb03ba7",
                    "title": "when invoked by the script exec admin",
                    "fullFile": "/home/alex/auth_os/beta/test/script_exec_tests.js",
                    "file": "/test/script_exec_tests.js",
                    "beforeHooks": [
                      {
                        "title": "\"before each\" hook",
                        "fullTitle": "Contract: ScriptExec script exec contract administration #changeAdmin when invoked by the script exec admin \"before each\" hook",
                        "timedOut": false,
                        "duration": 38,
                        "pass": false,
                        "fail": false,
                        "pending": false,
                        "code": "initialExecAdmin = await scriptExec.exec_admin()\ninitialExecAdmin.should.eq(execAdmin)\nawait scriptExec.changeAdmin(newExecAdmin, { from: execAdmin }).should.be.fulfilled",
                        "err": {},
                        "isRoot": false,
                        "uuid": "c3736031-c06d-4ba1-a282-eb83d1e8a90c",
                        "isHook": true,
                        "skipped": false
                      }
                    ],
                    "afterHooks": [],
                    "tests": [
                      {
                        "title": "should change the exec admin on the script exec contract",
                        "fullTitle": "Contract: ScriptExec script exec contract administration #changeAdmin when invoked by the script exec admin should change the exec admin on the script exec contract",
                        "timedOut": false,
                        "duration": 11,
                        "state": "passed",
                        "speed": "fast",
                        "pass": true,
                        "fail": false,
                        "pending": false,
                        "code": "let admin = await scriptExec.exec_admin()\nadmin.should.eq(newExecAdmin)",
                        "err": {},
                        "isRoot": false,
                        "uuid": "cb824a3b-c3cd-43c0-8e4e-6c5240a89783",
                        "isHook": false,
                        "skipped": false
                      }
                    ],
                    "suites": [],
                    "passes": [
                      "cb824a3b-c3cd-43c0-8e4e-6c5240a89783"
                    ],
                    "failures": [],
                    "pending": [],
                    "skipped": [],
                    "duration": 11,
                    "root": false,
                    "rootEmpty": false,
                    "_timeout": 300000
                  },
                  {
                    "uuid": "ffd305eb-7a4d-492b-b659-a397544c5bad",
                    "title": "when invoked by someone other than the script exec admin",
                    "fullFile": "/home/alex/auth_os/beta/test/script_exec_tests.js",
                    "file": "/test/script_exec_tests.js",
                    "beforeHooks": [],
                    "afterHooks": [],
                    "tests": [
                      {
                        "title": "should revert the tx",
                        "fullTitle": "Contract: ScriptExec script exec contract administration #changeAdmin when invoked by someone other than the script exec admin should revert the tx",
                        "timedOut": false,
                        "duration": 20,
                        "state": "passed",
                        "speed": "fast",
                        "pass": true,
                        "fail": false,
                        "pending": false,
                        "code": "let unauthorized = accounts[accounts.length - 1]\nawait scriptExec.changeAdmin(newExecAdmin, { from: unauthorized }).should.be.rejectedWith(exports.EVM_ERR_REVERT)",
                        "err": {},
                        "isRoot": false,
                        "uuid": "a73cbfe5-e993-4b36-bb8c-0b6d19d3df87",
                        "isHook": false,
                        "skipped": false
                      }
                    ],
                    "suites": [],
                    "passes": [
                      "a73cbfe5-e993-4b36-bb8c-0b6d19d3df87"
                    ],
                    "failures": [],
                    "pending": [],
                    "skipped": [],
                    "duration": 20,
                    "root": false,
                    "rootEmpty": false,
                    "_timeout": 300000
                  }
                ],
                "passes": [],
                "failures": [],
                "pending": [],
                "skipped": [],
                "duration": 0,
                "root": false,
                "rootEmpty": false,
                "_timeout": 300000
              },
              {
                "uuid": "35b63bd7-e650-49ee-aa59-28126808b1a8",
                "title": "#changeProvider",
                "fullFile": "/home/alex/auth_os/beta/test/script_exec_tests.js",
                "file": "/test/script_exec_tests.js",
                "beforeHooks": [],
                "afterHooks": [],
                "tests": [],
                "suites": [
                  {
                    "uuid": "6b38fc84-a5e2-4f39-a94e-ae81636872e9",
                    "title": "when invoked by the script exec admin",
                    "fullFile": "/home/alex/auth_os/beta/test/script_exec_tests.js",
                    "file": "/test/script_exec_tests.js",
                    "beforeHooks": [
                      {
                        "title": "\"before each\" hook",
                        "fullTitle": "Contract: ScriptExec script exec contract administration #changeProvider when invoked by the script exec admin \"before each\" hook",
                        "timedOut": false,
                        "duration": 23,
                        "pass": false,
                        "fail": false,
                        "pending": false,
                        "code": "await scriptExec.changeProvider(newProvider, { from: execAdmin }).should.be.fulfilled",
                        "err": {},
                        "isRoot": false,
                        "uuid": "5550a941-43bb-42da-bd37-ce50a3f11cd2",
                        "isHook": true,
                        "skipped": false
                      }
                    ],
                    "afterHooks": [],
                    "tests": [
                      {
                        "title": "should change the default provider on the script exec contract",
                        "fullTitle": "Contract: ScriptExec script exec contract administration #changeProvider when invoked by the script exec admin should change the default provider on the script exec contract",
                        "timedOut": false,
                        "duration": 11,
                        "state": "passed",
                        "speed": "fast",
                        "pass": true,
                        "fail": false,
                        "pending": false,
                        "code": "let defaultProvider = await scriptExec.default_provider()\ndefaultProvider.should.eq(newProviderHex)",
                        "err": {},
                        "isRoot": false,
                        "uuid": "133545f6-6f0a-497a-a6c6-5889dd6af271",
                        "isHook": false,
                        "skipped": false
                      }
                    ],
                    "suites": [],
                    "passes": [
                      "133545f6-6f0a-497a-a6c6-5889dd6af271"
                    ],
                    "failures": [],
                    "pending": [],
                    "skipped": [],
                    "duration": 11,
                    "root": false,
                    "rootEmpty": false,
                    "_timeout": 300000
                  },
                  {
                    "uuid": "4dd0bb0c-e2cc-45eb-8a39-8e9ea4e158f7",
                    "title": "when invoked by someone other than the script exec admin",
                    "fullFile": "/home/alex/auth_os/beta/test/script_exec_tests.js",
                    "file": "/test/script_exec_tests.js",
                    "beforeHooks": [],
                    "afterHooks": [],
                    "tests": [
                      {
                        "title": "should revert the tx",
                        "fullTitle": "Contract: ScriptExec script exec contract administration #changeProvider when invoked by someone other than the script exec admin should revert the tx",
                        "timedOut": false,
                        "duration": 19,
                        "state": "passed",
                        "speed": "fast",
                        "pass": true,
                        "fail": false,
                        "pending": false,
                        "code": "let unauthorized = accounts[accounts.length - 1]\nawait scriptExec.changeProvider(newProvider, { from: unauthorized }).should.be.rejectedWith(exports.EVM_ERR_REVERT)",
                        "err": {},
                        "isRoot": false,
                        "uuid": "4f25948d-de8a-411d-a21d-6ca3723be27b",
                        "isHook": false,
                        "skipped": false
                      }
                    ],
                    "suites": [],
                    "passes": [
                      "4f25948d-de8a-411d-a21d-6ca3723be27b"
                    ],
                    "failures": [],
                    "pending": [],
                    "skipped": [],
                    "duration": 19,
                    "root": false,
                    "rootEmpty": false,
                    "_timeout": 300000
                  }
                ],
                "passes": [],
                "failures": [],
                "pending": [],
                "skipped": [],
                "duration": 0,
                "root": false,
                "rootEmpty": false,
                "_timeout": 300000
              },
              {
                "uuid": "d5ecf642-bb21-4dea-94ca-ab5eeffc2fd9",
                "title": "#changeRegistryExecId",
                "fullFile": "/home/alex/auth_os/beta/test/script_exec_tests.js",
                "file": "/test/script_exec_tests.js",
                "beforeHooks": [],
                "afterHooks": [],
                "tests": [],
                "suites": [
                  {
                    "uuid": "fdc15742-976f-4a03-b0f1-9766a45ef376",
                    "title": "when invoked by the script exec admin",
                    "fullFile": "/home/alex/auth_os/beta/test/script_exec_tests.js",
                    "file": "/test/script_exec_tests.js",
                    "beforeHooks": [
                      {
                        "title": "\"before each\" hook",
                        "fullTitle": "Contract: ScriptExec script exec contract administration #changeRegistryExecId when invoked by the script exec admin \"before each\" hook",
                        "timedOut": false,
                        "duration": 24,
                        "pass": false,
                        "fail": false,
                        "pending": false,
                        "code": "await scriptExec.changeRegistryExecId(newRegistryExecId, { from: execAdmin }).should.be.fulfilled",
                        "err": {},
                        "isRoot": false,
                        "uuid": "e0deebdb-44f6-40b2-b465-b983fad39e8d",
                        "isHook": true,
                        "skipped": false
                      }
                    ],
                    "afterHooks": [],
                    "tests": [
                      {
                        "title": "should change the default registry exec id on the script exec contract",
                        "fullTitle": "Contract: ScriptExec script exec contract administration #changeRegistryExecId when invoked by the script exec admin should change the default registry exec id on the script exec contract",
                        "timedOut": false,
                        "duration": 12,
                        "state": "passed",
                        "speed": "fast",
                        "pass": true,
                        "fail": false,
                        "pending": false,
                        "code": "let defaultRegistryExecId = await scriptExec.default_registry_exec_id()\ndefaultRegistryExecId.should.eq(newRegistryExecIdHex)",
                        "err": {},
                        "isRoot": false,
                        "uuid": "8a9cf92b-7490-4053-87f5-8d6b914b1ffc",
                        "isHook": false,
                        "skipped": false
                      }
                    ],
                    "suites": [],
                    "passes": [
                      "8a9cf92b-7490-4053-87f5-8d6b914b1ffc"
                    ],
                    "failures": [],
                    "pending": [],
                    "skipped": [],
                    "duration": 12,
                    "root": false,
                    "rootEmpty": false,
                    "_timeout": 300000
                  },
                  {
                    "uuid": "fb2517c0-970e-4558-8139-98b2cc203ff7",
                    "title": "when invoked by someone other than the script exec admin",
                    "fullFile": "/home/alex/auth_os/beta/test/script_exec_tests.js",
                    "file": "/test/script_exec_tests.js",
                    "beforeHooks": [],
                    "afterHooks": [],
                    "tests": [
                      {
                        "title": "should revert the tx",
                        "fullTitle": "Contract: ScriptExec script exec contract administration #changeRegistryExecId when invoked by someone other than the script exec admin should revert the tx",
                        "timedOut": false,
                        "duration": 17,
                        "state": "passed",
                        "speed": "fast",
                        "pass": true,
                        "fail": false,
                        "pending": false,
                        "code": "let unauthorized = accounts[accounts.length - 1]\nawait scriptExec.changeRegistryExecId(newRegistryExecId, { from: unauthorized }).should.be.rejectedWith(exports.EVM_ERR_REVERT)",
                        "err": {},
                        "isRoot": false,
                        "uuid": "4b651e46-2125-4e9a-93fe-60f61882416b",
                        "isHook": false,
                        "skipped": false
                      }
                    ],
                    "suites": [],
                    "passes": [
                      "4b651e46-2125-4e9a-93fe-60f61882416b"
                    ],
                    "failures": [],
                    "pending": [],
                    "skipped": [],
                    "duration": 17,
                    "root": false,
                    "rootEmpty": false,
                    "_timeout": 300000
                  }
                ],
                "passes": [],
                "failures": [],
                "pending": [],
                "skipped": [],
                "duration": 0,
                "root": false,
                "rootEmpty": false,
                "_timeout": 300000
              }
            ],
            "passes": [],
            "failures": [],
            "pending": [],
            "skipped": [],
            "duration": 0,
            "root": false,
            "rootEmpty": false,
            "_timeout": 300000
          },
          {
            "uuid": "a07a2285-3708-4486-8ae4-1134d8c50e73",
            "title": "application context",
            "fullFile": "/home/alex/auth_os/beta/test/script_exec_tests.js",
            "file": "/test/script_exec_tests.js",
            "beforeHooks": [
              {
                "title": "\"before each\" hook for \"should return the storage address of the initialized application\"",
                "fullTitle": "Contract: ScriptExec application context \"before each\" hook for \"should return the storage address of the initialized application\"",
                "timedOut": false,
                "duration": 61,
                "state": "failed",
                "pass": false,
                "fail": true,
                "pending": false,
                "code": "appInit = await ApplicationMockInit.new().should.be.fulfilled\nappInit.should.not.eq(null)\nappInitCalldata = '0xe1c7392a' // bytes4(keccak256(\"init()\"));\nappExecId = await storage.initAndFinalize(updater, appPayable, appInit.address, appInitCalldata, appAllowed).should.be.fulfilled // proper initialization via RegistryStorage\nappExecId.should.not.eq(null)\nappInitInfo = await storage.getAppInitInfo(registryExecId, provider, appName)\nappInitInfo.should.not.eq(null)",
                "err": {
                  "message": "AssertionError: expected promise to be fulfilled but it was rejected with 'Error: VM Exception while processing transaction: revert'",
                  "estack": "AssertionError: expected promise to be fulfilled but it was rejected with 'Error: VM Exception while processing transaction: revert'"
                },
                "isRoot": false,
                "uuid": "44fab7fc-d421-47a1-af64-7972058a113e",
                "isHook": true,
                "skipped": false
              }
            ],
            "afterHooks": [],
            "tests": [],
            "suites": [
              {
                "uuid": "db0b9ea0-6ff7-4f9b-981b-cb3052663220",
                "title": "#initAppInstance",
                "fullFile": "/home/alex/auth_os/beta/test/script_exec_tests.js",
                "file": "/test/script_exec_tests.js",
                "beforeHooks": [],
                "afterHooks": [],
                "tests": [],
                "suites": [
                  {
                    "uuid": "34f92efc-5e0e-40be-ab1e-462a4fd9f303",
                    "title": "when the app has been initialized properly via registry storage",
                    "fullFile": "/home/alex/auth_os/beta/test/script_exec_tests.js",
                    "file": "/test/script_exec_tests.js",
                    "beforeHooks": [],
                    "afterHooks": [],
                    "tests": [],
                    "suites": [
                      {
                        "uuid": "0e12b95b-fdff-4aec-b97a-f7c1146ccc00",
                        "title": "when the given calldata is valid for the app init function",
                        "fullFile": "/home/alex/auth_os/beta/test/script_exec_tests.js",
                        "file": "/test/script_exec_tests.js",
                        "beforeHooks": [
                          {
                            "title": "\"before each\" hook",
                            "fullTitle": "Contract: ScriptExec application context #initAppInstance when the app has been initialized properly via registry storage when the given calldata is valid for the app init function \"before each\" hook",
                            "timedOut": false,
                            "duration": 0,
                            "pass": false,
                            "fail": false,
                            "pending": false,
                            "code": "let { retvals } = await scriptExec.initAppInstance(appName, appPayable, appInitCalldata).should.be.fulfilled\nconsole.log(retvals)\nretvals.should.not.eq(null)\nretvals.length.should.be.eq(3)\nappStorage = retvals[0]\nappVersion = retvals[1]\nappExecId = retvals[2]",
                            "err": {},
                            "isRoot": false,
                            "uuid": "cfb15bc9-1363-4b01-bc94-601c5ad71df9",
                            "isHook": true,
                            "skipped": false
                          }
                        ],
                        "afterHooks": [],
                        "tests": [
                          {
                            "title": "should return the storage address of the initialized application",
                            "fullTitle": "Contract: ScriptExec application context #initAppInstance when the app has been initialized properly via registry storage when the given calldata is valid for the app init function should return the storage address of the initialized application",
                            "timedOut": false,
                            "duration": 0,
                            "pass": false,
                            "fail": false,
                            "pending": false,
                            "code": "appStorage.should.not.eq(null)",
                            "err": {},
                            "isRoot": false,
                            "uuid": "b0589a55-7b1d-4d79-8e8c-3e7b6338c638",
                            "isHook": false,
                            "skipped": true
                          },
                          {
                            "title": "should return the version of the initialized application",
                            "fullTitle": "Contract: ScriptExec application context #initAppInstance when the app has been initialized properly via registry storage when the given calldata is valid for the app init function should return the version of the initialized application",
                            "timedOut": false,
                            "duration": 0,
                            "pass": false,
                            "fail": false,
                            "pending": false,
                            "code": "appVersion.should.not.eq(null)",
                            "err": {},
                            "isRoot": false,
                            "uuid": "478c0c07-a7a9-4a6c-bb22-0cfe35070236",
                            "isHook": false,
                            "skipped": true
                          },
                          {
                            "title": "should return the exec id of the initialized application",
                            "fullTitle": "Contract: ScriptExec application context #initAppInstance when the app has been initialized properly via registry storage when the given calldata is valid for the app init function should return the exec id of the initialized application",
                            "timedOut": false,
                            "duration": 0,
                            "pass": false,
                            "fail": false,
                            "pending": false,
                            "code": "appExecId.should.not.eq(null)",
                            "err": {},
                            "isRoot": false,
                            "uuid": "0c17ffaf-b79d-4403-858f-83bf39c3adc7",
                            "isHook": false,
                            "skipped": true
                          }
                        ],
                        "suites": [],
                        "passes": [],
                        "failures": [],
                        "pending": [],
                        "skipped": [
                          "b0589a55-7b1d-4d79-8e8c-3e7b6338c638",
                          "478c0c07-a7a9-4a6c-bb22-0cfe35070236",
                          "0c17ffaf-b79d-4403-858f-83bf39c3adc7"
                        ],
                        "duration": null,
                        "root": false,
                        "rootEmpty": false,
                        "_timeout": 300000
                      },
                      {
                        "uuid": "6ca62034-a3bd-45c3-9512-a0b4d18e2d2d",
                        "title": "when the given calldata is invalid for the app init function",
                        "fullFile": "/home/alex/auth_os/beta/test/script_exec_tests.js",
                        "file": "/test/script_exec_tests.js",
                        "beforeHooks": [],
                        "afterHooks": [],
                        "tests": [
                          {
                            "title": "should revert the tx",
                            "fullTitle": "Contract: ScriptExec application context #initAppInstance when the app has been initialized properly via registry storage when the given calldata is invalid for the app init function should revert the tx",
                            "timedOut": false,
                            "duration": 0,
                            "pass": false,
                            "fail": false,
                            "pending": false,
                            "code": "let invalidCalldata = '' // should be, at a minimum, bytes4(keccak256(\"init()\")) for default application initializer\nawait scriptExec.initAppInstance(appName, appPayable, invalidCalldata).should.be.rejectedWith(exports.EVM_ERR_REVERT)",
                            "err": {},
                            "isRoot": false,
                            "uuid": "861e53da-011f-4343-88e2-4a8dd092e337",
                            "isHook": false,
                            "skipped": true
                          }
                        ],
                        "suites": [],
                        "passes": [],
                        "failures": [],
                        "pending": [],
                        "skipped": [
                          "861e53da-011f-4343-88e2-4a8dd092e337"
                        ],
                        "duration": null,
                        "root": false,
                        "rootEmpty": false,
                        "_timeout": 300000
                      }
                    ],
                    "passes": [],
                    "failures": [],
                    "pending": [],
                    "skipped": [],
                    "duration": 0,
                    "root": false,
                    "rootEmpty": false,
                    "_timeout": 300000
                  }
                ],
                "passes": [],
                "failures": [],
                "pending": [],
                "skipped": [],
                "duration": 0,
                "root": false,
                "rootEmpty": false,
                "_timeout": 300000
              },
              {
                "uuid": "9b11a4d6-a81b-4573-96cc-bf4082d1921e",
                "title": "app-permissioned storage",
                "fullFile": "/home/alex/auth_os/beta/test/script_exec_tests.js",
                "file": "/test/script_exec_tests.js",
                "beforeHooks": [],
                "afterHooks": [],
                "tests": [],
                "suites": [
                  {
                    "uuid": "0913cb87-759f-4060-b17f-d8d16581ae4e",
                    "title": "#getAppAllowed",
                    "fullFile": "/home/alex/auth_os/beta/test/script_exec_tests.js",
                    "file": "/test/script_exec_tests.js",
                    "beforeHooks": [],
                    "afterHooks": [],
                    "tests": [],
                    "suites": [
                      {
                        "uuid": "8243214c-4559-4e52-b662-77017bd9dc82",
                        "title": "when the given registry exec id is valid",
                        "fullFile": "/home/alex/auth_os/beta/test/script_exec_tests.js",
                        "file": "/test/script_exec_tests.js",
                        "beforeHooks": [
                          {
                            "title": "\"before each\" hook",
                            "fullTitle": "Contract: ScriptExec application context app-permissioned storage #getAppAllowed when the given registry exec id is valid \"before each\" hook",
                            "timedOut": false,
                            "duration": 0,
                            "pass": false,
                            "fail": false,
                            "pending": false,
                            "code": "allowed = await scriptExec.getAppAllowed(registryExecId)\nallowed.should.not.eq(null)",
                            "err": {},
                            "isRoot": false,
                            "uuid": "1cc746e3-d312-470e-8e88-de1233fece8e",
                            "isHook": true,
                            "skipped": false
                          }
                        ],
                        "afterHooks": [],
                        "tests": [],
                        "suites": [],
                        "passes": [],
                        "failures": [],
                        "pending": [],
                        "skipped": [],
                        "duration": 0,
                        "root": false,
                        "rootEmpty": false,
                        "_timeout": 300000
                      },
                      {
                        "uuid": "41aae182-fe16-4e19-81c3-17977de8a832",
                        "title": "when the given given registry exec id does not exist",
                        "fullFile": "/home/alex/auth_os/beta/test/script_exec_tests.js",
                        "file": "/test/script_exec_tests.js",
                        "beforeHooks": [],
                        "afterHooks": [],
                        "tests": [
                          {
                            "title": "should return an empty array",
                            "fullTitle": "Contract: ScriptExec application context app-permissioned storage #getAppAllowed when the given given registry exec id does not exist should return an empty array",
                            "timedOut": false,
                            "duration": 0,
                            "pass": false,
                            "fail": false,
                            "pending": false,
                            "code": "allowed = await scriptExec.getAppAllowed(utils.randomBytes(32))\nallowed.should.be.deep.eq([])",
                            "err": {},
                            "isRoot": false,
                            "uuid": "b4c6b47f-d23a-4798-bbb5-610679bf9488",
                            "isHook": false,
                            "skipped": true
                          }
                        ],
                        "suites": [],
                        "passes": [],
                        "failures": [],
                        "pending": [],
                        "skipped": [
                          "b4c6b47f-d23a-4798-bbb5-610679bf9488"
                        ],
                        "duration": null,
                        "root": false,
                        "rootEmpty": false,
                        "_timeout": 300000
                      }
                    ],
                    "passes": [],
                    "failures": [],
                    "pending": [],
                    "skipped": [],
                    "duration": 0,
                    "root": false,
                    "rootEmpty": false,
                    "_timeout": 300000
                  }
                ],
                "passes": [],
                "failures": [],
                "pending": [],
                "skipped": [],
                "duration": 0,
                "root": false,
                "rootEmpty": false,
                "_timeout": 300000
              }
            ],
            "passes": [],
            "failures": [],
            "pending": [],
            "skipped": [],
            "duration": 0,
            "root": false,
            "rootEmpty": false,
            "_timeout": 300000
          }
        ],
        "passes": [],
        "failures": [],
        "pending": [],
        "skipped": [],
        "duration": 0,
        "root": false,
        "rootEmpty": false,
        "_timeout": 300000
      }
    ],
    "passes": [],
    "failures": [],
    "pending": [],
    "skipped": [],
    "duration": 0,
    "root": true,
    "rootEmpty": true,
    "_timeout": 2000
  },
  "copyrightYear": 2018
}